#-----------------------------------------------------------
# Vivado v2018.3 (64-bit)
# SW Build 2405991 on Thu Dec  6 23:38:27 MST 2018
# IP Build 2404404 on Fri Dec  7 01:43:56 MST 2018
# Start of session at: Sun Feb  4 11:26:59 2024
# Process ID: 17304
# Current directory: D:/IIT Jodhpur/Study Material/2nd Year/Digital Design/traffic_control
# Command line: vivado.exe -gui_launcher_event rodinguilauncherevent17496 D:\IIT Jodhpur\Study Material\2nd Year\Digital Design\traffic_control\traffic_control.xpr
# Log file: D:/IIT Jodhpur/Study Material/2nd Year/Digital Design/traffic_control/vivado.log
# Journal file: D:/IIT Jodhpur/Study Material/2nd Year/Digital Design/traffic_control\vivado.jou
#-----------------------------------------------------------
start_gui
open_project {D:/IIT Jodhpur/Study Material/2nd Year/Digital Design/traffic_control/traffic_control.xpr}
INFO: [Project 1-313] Project file moved from 'D:/IIT Jodhpur/Study Material/Digital Design/traffic_control' since last save.
Scanning sources...
Finished scanning sources
INFO: [IP_Flow 19-234] Refreshing IP repositories
INFO: [IP_Flow 19-1704] No user IP repositories specified
INFO: [IP_Flow 19-2313] Loaded Vivado IP repository 'C:/Xilinx/Vivado/2018.3/data/ip'.
open_project: Time (s): cpu = 00:00:06 ; elapsed = 00:00:11 . Memory (MB): peak = 803.480 ; gain = 203.281
update_compile_order -fileset sources_1
exit
INFO: [Common 17-206] Exiting Vivado at Sun Feb  4 11:27:50 2024...
